<?xml version="1.0" encoding="UTF-8"?>
<!-- Generated by org.testng.reporters.JUnitReportReporter -->
<testsuite hostname="Sasi" failures="0" tests="4" name="calulator.qa.test.CalculatorHomePageTest" time="76.869" errors="0" timestamp="2023-02-06T20:38:13 CET" skipped="0">
  <testcase classname="calulator.qa.test.CalculatorHomePageTest" name="BTC_001_Check_addition_for_two_numbers" time="18.442"/>
  <system-out>
    <![CDATA[<a href="javascript:toggleElement('BTC_001_Check_addition_for_two_numbers_06022023203707', 'block')" title="Click to view test log"><b>BTC_001_Check_addition_for_two_numbers</b></a>
<table class="stepsTable" id="BTC_001_Check_addition_for_two_numbers_06022023203707">
<tr><td colspan = "3"  class="headerTest">Start BTC_001_Check_addition_for_two_numbers_06022023203707 [06/02/2023 20:37:07]</tr>
<tr><td class="info">INFO</td><td class="description"> PLATFORM: Android Version:9</td><td class="time">20:37:07</td></tr>
<tr><td colspan = "2" class="step">STEP 1: START: MTC_001_Sum_of_two_Numbers</td><td class="time">20:37:07</td></tr>
<tr><td class="action">STORE VISIBILITY</td><td class="description">smartmobile.home.number.five.btn (//android.widget.Button[contains(@content-desc, '5')]) is visible</td><td class="time">20:37:11</td></tr>
<tr><td class="ok">OK</td><td class="description">Element smartmobile.home.number.five.btn(xpath = //android.widget.Button[contains(@content-desc, '5')]) is visible </td><td class="time">20:37:12</td></tr>
<tr><td class="action">CLICK</td><td class="description">smartmobile.home.number.five.btn (//android.widget.Button[contains(@content-desc, '5')])</td><td class="time">20:37:12</td></tr>
<tr><td class="ok">OK</td><td class="description">Element smartmobile.home.action.plus.btn(xpath = //android.widget.Button[contains(@content-desc, '+')]) is visible </td><td class="time">20:37:12</td></tr>
<tr><td class="action">CLICK</td><td class="description">smartmobile.home.action.plus.btn (//android.widget.Button[contains(@content-desc, '+')])</td><td class="time">20:37:13</td></tr>
<tr><td class="ok">OK</td><td class="description">Element smartmobile.home.number.five.btn(xpath = //android.widget.Button[contains(@content-desc, '5')]) is visible </td><td class="time">20:37:14</td></tr>
<tr><td class="action">CLICK</td><td class="description">smartmobile.home.number.five.btn (//android.widget.Button[contains(@content-desc, '5')])</td><td class="time">20:37:14</td></tr>
<tr><td class="ok">OK</td><td class="description">Element smartmobile.home.action.equal.btn(xpath = //android.widget.Button[contains(@content-desc, '=')]) is visible </td><td class="time">20:37:14</td></tr>
<tr><td class="action">CLICK</td><td class="description">smartmobile.home.action.equal.btn (//android.widget.Button[contains(@content-desc, '=')])</td><td class="time">20:37:15</td></tr>
<tr><td class="info">INFO</td><td class="description">MTC_001_Sum_of_two_Numbers: FINISHED</td><td class="time">20:37:15</td></tr>
<tr><td class="info">INFO</td><td class="description">Screenshot stored to C:\Users\semma\eclipse-workspace\Calculator\test-output\Default suite/../html/Screenshots/</td><td class="time">20:37:15</td></tr>
<tr><td class="info">INFO</td><td class="description"><div style="border:0px solid; float:left;padding: 10px 10px 0px 0px">Screenshot<br><b>MTC_001_Sum_of_two_Numbers</b></div><div style="cursor:pointer" onclick="javascript:ImagePreview('Screenshots/01_MTC_001_Sum_of_two_Numbers.gif','MTC_001_Sum_of_two_Numbers');"><img src="Screenshots/01_MTC_001_Sum_of_two_Numbers.gif" style="height:100px;" border=0></div></td><td class="time">20:37:15</td></tr>
<tr><td colspan = "3"  class="headerTest"> End BTC_001_Check_addition_for_two_numbers [06/02/2023 20:37:15]</tr>
</table>]]>
  </system-out>
  <testcase classname="calulator.qa.test.CalculatorHomePageTest" name="BTC_001_Check_multiplication_for_two_numbers" time="19.243"/>
  <system-out>
    <![CDATA[<a href="javascript:toggleElement('BTC_001_Check_multiplication_for_two_numbers_06022023203726', 'block')" title="Click to view test log"><b>BTC_001_Check_multiplication_for_two_numbers</b></a>
<table class="stepsTable" id="BTC_001_Check_multiplication_for_two_numbers_06022023203726">
<tr><td colspan = "3"  class="headerTest">Start BTC_001_Check_multiplication_for_two_numbers_06022023203726 [06/02/2023 20:37:26]</tr>
<tr><td class="info">INFO</td><td class="description"> PLATFORM: Android Version:9</td><td class="time">20:37:26</td></tr>
<tr><td colspan = "2" class="step">STEP 1: START: MTC_001_Multiplication_of_two_Numbers</td><td class="time">20:37:26</td></tr>
<tr><td class="action">STORE VISIBILITY</td><td class="description">smartmobile.home.number.five.btn (//android.widget.Button[contains(@content-desc, '5')]) is visible</td><td class="time">20:37:30</td></tr>
<tr><td class="ok">OK</td><td class="description">Element smartmobile.home.number.five.btn(xpath = //android.widget.Button[contains(@content-desc, '5')]) is visible </td><td class="time">20:37:31</td></tr>
<tr><td class="action">CLICK</td><td class="description">smartmobile.home.number.five.btn (//android.widget.Button[contains(@content-desc, '5')])</td><td class="time">20:37:31</td></tr>
<tr><td class="ok">OK</td><td class="description">Element smartmobile.home.action.plus.btn(xpath = //android.widget.Button[contains(@content-desc, '+')]) is visible </td><td class="time">20:37:31</td></tr>
<tr><td class="action">CLICK</td><td class="description">smartmobile.home.action.multiply.btn (//android.widget.Button[contains(@content-desc, 'x')])</td><td class="time">20:37:32</td></tr>
<tr><td class="ok">OK</td><td class="description">Element smartmobile.home.number.five.btn(xpath = //android.widget.Button[contains(@content-desc, '5')]) is visible </td><td class="time">20:37:33</td></tr>
<tr><td class="action">CLICK</td><td class="description">smartmobile.home.number.five.btn (//android.widget.Button[contains(@content-desc, '5')])</td><td class="time">20:37:33</td></tr>
<tr><td class="ok">OK</td><td class="description">Element smartmobile.home.action.equal.btn(xpath = //android.widget.Button[contains(@content-desc, '=')]) is visible </td><td class="time">20:37:34</td></tr>
<tr><td class="action">CLICK</td><td class="description">smartmobile.home.action.equal.btn (//android.widget.Button[contains(@content-desc, '=')])</td><td class="time">20:37:34</td></tr>
<tr><td class="info">INFO</td><td class="description">MTC_001_Sum_of_two_Numbers: FINISHED</td><td class="time">20:37:34</td></tr>
<tr><td class="info">INFO</td><td class="description">Screenshot stored to C:\Users\semma\eclipse-workspace\Calculator\test-output\Default suite/../html/Screenshots/</td><td class="time">20:37:35</td></tr>
<tr><td class="info">INFO</td><td class="description"><div style="border:0px solid; float:left;padding: 10px 10px 0px 0px">Screenshot<br><b>MTC_001_Multiplication_of_two_Numbers</b></div><div style="cursor:pointer" onclick="javascript:ImagePreview('Screenshots/02_MTC_001_Multiplication_of_two_Numbers.gif','MTC_001_Multiplication_of_two_Numbers');"><img src="Screenshots/02_MTC_001_Multiplication_of_two_Numbers.gif" style="height:100px;" border=0></div></td><td class="time">20:37:35</td></tr>
<tr><td colspan = "3"  class="headerTest"> End BTC_001_Check_multiplication_for_two_numbers [06/02/2023 20:37:35]</tr>
</table>]]>
  </system-out>
  <testcase classname="calulator.qa.test.CalculatorHomePageTest" name="BTC_002_Check_subtraction_for_two_numbers" time="18.598"/>
  <system-out>
    <![CDATA[<a href="javascript:toggleElement('BTC_002_Check_subtraction_for_two_numbers_06022023203745', 'block')" title="Click to view test log"><b>BTC_002_Check_subtraction_for_two_numbers</b></a>
<table class="stepsTable" id="BTC_002_Check_subtraction_for_two_numbers_06022023203745">
<tr><td colspan = "3"  class="headerTest">Start BTC_002_Check_subtraction_for_two_numbers_06022023203745 [06/02/2023 20:37:45]</tr>
<tr><td class="info">INFO</td><td class="description"> PLATFORM: Android Version:9</td><td class="time">20:37:45</td></tr>
<tr><td colspan = "2" class="step">STEP 1: START: MTC_001_subtraction_of_two_Numbers</td><td class="time">20:37:45</td></tr>
<tr><td class="action">STORE VISIBILITY</td><td class="description">smartmobile.home.number.five.btn (//android.widget.Button[contains(@content-desc, '5')]) is visible</td><td class="time">20:37:49</td></tr>
<tr><td class="ok">OK</td><td class="description">Element smartmobile.home.number.five.btn(xpath = //android.widget.Button[contains(@content-desc, '5')]) is visible </td><td class="time">20:37:49</td></tr>
<tr><td class="action">CLICK</td><td class="description">smartmobile.home.number.five.btn (//android.widget.Button[contains(@content-desc, '5')])</td><td class="time">20:37:49</td></tr>
<tr><td class="ok">OK</td><td class="description">Element smartmobile.home.action.plus.btn(xpath = //android.widget.Button[contains(@content-desc, '+')]) is visible </td><td class="time">20:37:50</td></tr>
<tr><td class="action">CLICK</td><td class="description">smartmobile.home.action.minus.btn (//android.widget.Button[contains(@content-desc, '-')])</td><td class="time">20:37:51</td></tr>
<tr><td class="ok">OK</td><td class="description">Element smartmobile.home.number.five.btn(xpath = //android.widget.Button[contains(@content-desc, '5')]) is visible </td><td class="time">20:37:51</td></tr>
<tr><td class="action">CLICK</td><td class="description">smartmobile.home.number.five.btn (//android.widget.Button[contains(@content-desc, '5')])</td><td class="time">20:37:52</td></tr>
<tr><td class="ok">OK</td><td class="description">Element smartmobile.home.action.equal.btn(xpath = //android.widget.Button[contains(@content-desc, '=')]) is visible </td><td class="time">20:37:52</td></tr>
<tr><td class="action">CLICK</td><td class="description">smartmobile.home.action.equal.btn (//android.widget.Button[contains(@content-desc, '=')])</td><td class="time">20:37:53</td></tr>
<tr><td class="info">INFO</td><td class="description">MTC_001_Sum_of_two_Numbers: FINISHED</td><td class="time">20:37:53</td></tr>
<tr><td class="info">INFO</td><td class="description">Screenshot stored to C:\Users\semma\eclipse-workspace\Calculator\test-output\Default suite/../html/Screenshots/</td><td class="time">20:37:53</td></tr>
<tr><td class="info">INFO</td><td class="description"><div style="border:0px solid; float:left;padding: 10px 10px 0px 0px">Screenshot<br><b>MTC_001_subtraction_of_two_Numbers</b></div><div style="cursor:pointer" onclick="javascript:ImagePreview('Screenshots/03_MTC_001_subtraction_of_two_Numbers.gif','MTC_001_subtraction_of_two_Numbers');"><img src="Screenshots/03_MTC_001_subtraction_of_two_Numbers.gif" style="height:100px;" border=0></div></td><td class="time">20:37:53</td></tr>
<tr><td colspan = "3"  class="headerTest"> End BTC_002_Check_subtraction_for_two_numbers [06/02/2023 20:37:53]</tr>
</table>]]>
  </system-out>
  <testcase classname="calulator.qa.test.CalculatorHomePageTest" name="BTC_004_Check_divison_for_two_numbers" time="20.586"/>
  <system-out>
    <![CDATA[<a href="javascript:toggleElement('BTC_004_Check_divison_for_two_numbers_06022023203804', 'block')" title="Click to view test log"><b>BTC_004_Check_divison_for_two_numbers</b></a>
<table class="stepsTable" id="BTC_004_Check_divison_for_two_numbers_06022023203804">
<tr><td colspan = "3"  class="headerTest">Start BTC_004_Check_divison_for_two_numbers_06022023203804 [06/02/2023 20:38:04]</tr>
<tr><td class="info">INFO</td><td class="description"> PLATFORM: Android Version:9</td><td class="time">20:38:04</td></tr>
<tr><td colspan = "2" class="step">STEP 1: START: MTC_001_Division_of_two_Numbers</td><td class="time">20:38:04</td></tr>
<tr><td class="action">STORE VISIBILITY</td><td class="description">smartmobile.home.number.nine.btn (//android.widget.Button[contains(@content-desc, '9')]) is visible</td><td class="time">20:38:08</td></tr>
<tr><td class="ok">OK</td><td class="description">Element smartmobile.home.number.nine.btn(xpath = //android.widget.Button[contains(@content-desc, '9')]) is visible </td><td class="time">20:38:08</td></tr>
<tr><td class="action">CLICK</td><td class="description">smartmobile.home.number.nine.btn (//android.widget.Button[contains(@content-desc, '9')])</td><td class="time">20:38:08</td></tr>
<tr><td class="ok">OK</td><td class="description">Element smartmobile.home.action.plus.btn(xpath = //android.widget.Button[contains(@content-desc, '+')]) is visible </td><td class="time">20:38:08</td></tr>
<tr><td class="action">CLICK</td><td class="description">smartmobile.home.action.division.btn (//android.widget.Button[contains(@content-desc, '/')])</td><td class="time">20:38:09</td></tr>
<tr><td class="ok">OK</td><td class="description">Element smartmobile.home.number.three.btn(xpath = //android.widget.Button[contains(@content-desc, '3')]) is visible </td><td class="time">20:38:10</td></tr>
<tr><td class="action">CLICK</td><td class="description">smartmobile.home.number.three.btn (//android.widget.Button[contains(@content-desc, '3')])</td><td class="time">20:38:10</td></tr>
<tr><td class="ok">OK</td><td class="description">Element smartmobile.home.action.equal.btn(xpath = //android.widget.Button[contains(@content-desc, '=')]) is visible </td><td class="time">20:38:11</td></tr>
<tr><td class="action">CLICK</td><td class="description">smartmobile.home.action.equal.btn (//android.widget.Button[contains(@content-desc, '=')])</td><td class="time">20:38:11</td></tr>
<tr><td class="info">INFO</td><td class="description">MTC_001_Division_of_two_Numbers: FINISHED</td><td class="time">20:38:11</td></tr>
<tr><td class="info">INFO</td><td class="description">Screenshot stored to C:\Users\semma\eclipse-workspace\Calculator\test-output\Default suite/../html/Screenshots/</td><td class="time">20:38:12</td></tr>
<tr><td class="info">INFO</td><td class="description"><div style="border:0px solid; float:left;padding: 10px 10px 0px 0px">Screenshot<br><b>MTC_001_Division_of_two_Numbers</b></div><div style="cursor:pointer" onclick="javascript:ImagePreview('Screenshots/04_MTC_001_Division_of_two_Numbers.gif','MTC_001_Division_of_two_Numbers');"><img src="Screenshots/04_MTC_001_Division_of_two_Numbers.gif" style="height:100px;" border=0></div></td><td class="time">20:38:12</td></tr>
<tr><td colspan = "3"  class="headerTest"> End BTC_004_Check_divison_for_two_numbers [06/02/2023 20:38:12]</tr>
</table>]]>
  </system-out>
</testsuite> <!-- calulator.qa.test.CalculatorHomePageTest -->
